<?xml version="1.0" encoding="UTF-8"?>
<!-- Generated by org.testng.reporters.JUnitReportReporter -->
<testsuite skipped="0" hostname="DESKTOP-KFSBEQ2" name="UnitTesting.unitTest" tests="4" failures="0" timestamp="09 Mar 2021 03:08:24 GMT" time="0.040" errors="0">
  <testcase name="multiply" time="0.002" classname="UnitTesting.unitTest"/>
  <testcase name="add" time="0.030" classname="UnitTesting.unitTest"/>
  <testcase name="divide" time="0.006" classname="UnitTesting.unitTest"/>
  <testcase name="minus" time="0.002" classname="UnitTesting.unitTest"/>
</testsuite> <!-- UnitTesting.unitTest -->
